<?xml version="1.0" encoding="UTF-8"?>
<!-- Generated by org.testng.reporters.JUnitReportReporter -->
<testsuite hostname="DESKTOP-2GD0FUF" failures="0" tests="1" name="asmt4.asmt4.AppTest" time="0.012" errors="0" timestamp="2024-04-01T19:42:28 IST" skipped="0">
  <testcase classname="asmt4.asmt4.AppTest" name="testApp" time="0.012"/>
</testsuite> <!-- asmt4.asmt4.AppTest -->
